<?xml version="1.0" encoding="UTF-8"?>
<!-- Generated by org.testng.reporters.JUnitReportReporter -->
<testsuite skipped="0" hostname="Tatianas-MacBook-Air.local" name="com.expedia.FlightsBooking.TestNG_TestSuite" tests="1" failures="0" timestamp="20 Jun 2017 18:12:41 GMT" time="26.239" errors="0">
  <testcase name="fill_basic_info" time="26.239" classname="com.expedia.FlightsBooking.TestNG_TestSuite"/>
</testsuite> <!-- com.expedia.FlightsBooking.TestNG_TestSuite -->
