<?xml version="1.0" encoding="UTF-8"?>
<!-- Generated by org.testng.reporters.JUnitReportReporter -->
<testsuite skipped="0" hostname="Tatianas-MacBook-Air.local" name="com.expedia.FlightsBooking.TestNG_Grouping" tests="4" failures="0" timestamp="24 Jun 2017 18:15:06 GMT" time="0.008" errors="0">
  <testcase name="BMW3Series" time="0.001" classname="com.expedia.FlightsBooking.TestNG_Grouping"/>
  <testcase name="HondaAccord" time="0.005" classname="com.expedia.FlightsBooking.TestNG_Grouping"/>
  <testcase name="AudiA6" time="0.001" classname="com.expedia.FlightsBooking.TestNG_Grouping"/>
  <testcase name="BMWX3" time="0.001" classname="com.expedia.FlightsBooking.TestNG_Grouping"/>
</testsuite> <!-- com.expedia.FlightsBooking.TestNG_Grouping -->
