<?xml version="1.0" encoding="UTF-8"?>
<!-- Generated by org.testng.reporters.JUnitReportReporter -->
<testsuite skipped="0" hostname="Tatianas-MacBook-Air.local" name="com.expedia.FlightsBooking.TestNG_TestSuite" tests="1" failures="0" timestamp="24 Jun 2017 16:35:46 GMT" time="15.557" errors="0">
  <testcase name="fill_basic_info" time="15.557" classname="com.expedia.FlightsBooking.TestNG_TestSuite"/>
</testsuite> <!-- com.expedia.FlightsBooking.TestNG_TestSuite -->
